[0427/105736:ERROR:process_info.cc(608)] range at 0xfffde000, size 0x230 fully unreadable
[0427/105736:ERROR:process_reader_win.cc(113)] NtOpenThread: {Access Denied} A process has requested access to an object, but has not been granted those access rights.  (0xc0000022)
[0427/105736:ERROR:exception_snapshot_win.cc(56)] thread ID 3600 not found in process
[0427/105736:WARNING:crash_report_exception_handler.cc(60)] ProcessSnapshotWin::InitializeException failed
[0618/113441:ERROR:process_info.cc(608)] range at 0xfffde000, size 0x230 fully unreadable
[0618/113441:ERROR:process_reader_win.cc(113)] NtOpenThread: {Access Denied} A process has requested access to an object, but has not been granted those access rights.  (0xc0000022)
[0618/113441:ERROR:exception_snapshot_win.cc(57)] thread ID 2872 not found in process
[0618/113441:WARNING:crash_report_exception_handler.cc(60)] ProcessSnapshotWin::InitializeException failed
[0618/113609:ERROR:process_info.cc(608)] range at 0xfffde000, size 0x230 fully unreadable
[0618/113609:ERROR:process_reader_win.cc(113)] NtOpenThread: {Access Denied} A process has requested access to an object, but has not been granted those access rights.  (0xc0000022)
[0618/113609:ERROR:exception_snapshot_win.cc(57)] thread ID 2980 not found in process
[0618/113609:WARNING:crash_report_exception_handler.cc(60)] ProcessSnapshotWin::InitializeException failed
[0618/115055:ERROR:process_info.cc(608)] range at 0xfffde000, size 0x230 fully unreadable
[0618/115055:ERROR:process_reader_win.cc(113)] NtOpenThread: {Access Denied} A process has requested access to an object, but has not been granted those access rights.  (0xc0000022)
[0618/115055:ERROR:exception_snapshot_win.cc(57)] thread ID 600 not found in process
[0618/115055:WARNING:crash_report_exception_handler.cc(60)] ProcessSnapshotWin::InitializeException failed
[1112/172637:ERROR:process_reader_win.cc(114)] NtOpenThread: {Access Denied} A process has requested access to an object, but has not been granted those access rights.  (0xc0000022)
[1112/172637:ERROR:exception_snapshot_win.cc(87)] thread ID 3424 not found in process
[1112/172637:WARNING:crash_report_exception_handler.cc(56)] ProcessSnapshotWin::Initialize failed
[1112/173315:ERROR:process_reader_win.cc(114)] NtOpenThread: {Access Denied} A process has requested access to an object, but has not been granted those access rights.  (0xc0000022)
[1112/173315:ERROR:exception_snapshot_win.cc(87)] thread ID 744 not found in process
[1112/173315:WARNING:crash_report_exception_handler.cc(56)] ProcessSnapshotWin::Initialize failed
[0926/161610.389:ERROR:process_reader_win.cc(123)] NtOpenThread: {Access Denied} A process has requested access to an object, but has not been granted those access rights.  (0xc0000022)
[0926/161610.411:ERROR:exception_snapshot_win.cc(87)] thread ID 2716 not found in process
[0926/161610.411:WARNING:crash_report_exception_handler.cc(62)] ProcessSnapshotWin::Initialize failed
[0930/173329.223:ERROR:process_reader_win.cc(123)] NtOpenThread: {Access Denied} A process has requested access to an object, but has not been granted those access rights.  (0xc0000022)
[0930/173329.246:ERROR:exception_snapshot_win.cc(87)] thread ID 6000 not found in process
[0930/173329.246:WARNING:crash_report_exception_handler.cc(62)] ProcessSnapshotWin::Initialize failed
